Added Component: Designator=C4(CAP 0603)
Add component (AddParameter): Name = "LatestRevisionDate"; Value = "17-Jul-2002"; VariantName = "[No Variations]"
Add component (AddParameter): Name = "LatestRevisionNote"; Value = "Re-released for DXP Platform."; VariantName = "[No Variations]"
Add component (AddParameter): Name = "Published"; Value = "8-Jun-2000"; VariantName = "[No Variations]"
Add component (AddParameter): Name = "Publisher"; Value = "Altium Limited"; VariantName = "[No Variations]"
Add component (AddParameter): Name = "Value"; Value = "104"; VariantName = "[No Variations]"
Added Component: Designator=C5(CAP 0603)
Add component (AddParameter): Name = "LatestRevisionDate"; Value = "17-Jul-2002"; VariantName = "[No Variations]"
Add component (AddParameter): Name = "LatestRevisionNote"; Value = "Re-released for DXP Platform."; VariantName = "[No Variations]"
Add component (AddParameter): Name = "Published"; Value = "8-Jun-2000"; VariantName = "[No Variations]"
Add component (AddParameter): Name = "Publisher"; Value = "Altium Limited"; VariantName = "[No Variations]"
Add component (AddParameter): Name = "Value"; Value = "104"; VariantName = "[No Variations]"
Added Component: Designator=C6(CAP 0603)
Add component (AddParameter): Name = "LatestRevisionDate"; Value = "17-Jul-2002"; VariantName = "[No Variations]"
Add component (AddParameter): Name = "LatestRevisionNote"; Value = "Re-released for DXP Platform."; VariantName = "[No Variations]"
Add component (AddParameter): Name = "Published"; Value = "8-Jun-2000"; VariantName = "[No Variations]"
Add component (AddParameter): Name = "Publisher"; Value = "Altium Limited"; VariantName = "[No Variations]"
Add component (AddParameter): Name = "Value"; Value = "104"; VariantName = "[No Variations]"
Added Component: Designator=C7(CAP 0603)
Add component (AddParameter): Name = "LatestRevisionDate"; Value = "17-Jul-2002"; VariantName = "[No Variations]"
Add component (AddParameter): Name = "LatestRevisionNote"; Value = "Re-released for DXP Platform."; VariantName = "[No Variations]"
Add component (AddParameter): Name = "Published"; Value = "8-Jun-2000"; VariantName = "[No Variations]"
Add component (AddParameter): Name = "Publisher"; Value = "Altium Limited"; VariantName = "[No Variations]"
Add component (AddParameter): Name = "Value"; Value = "104"; VariantName = "[No Variations]"
Added Component: Designator=D2(LED 5MM-R)
Added Component: Designator=P2(HDR2.54-LI-20P)
Add component (AddParameter): Name = "LatestRevisionDate"; Value = "17-Jul-2002"; VariantName = "[No Variations]"
Add component (AddParameter): Name = "LatestRevisionNote"; Value = "Re-released for DXP Platform."; VariantName = "[No Variations]"
Add component (AddParameter): Name = "Publisher"; Value = "Altium Limited"; VariantName = "[No Variations]"
Added Component: Designator=P3(HDR2.54-LI-20P)
Add component (AddParameter): Name = "LatestRevisionDate"; Value = "17-Jul-2002"; VariantName = "[No Variations]"
Add component (AddParameter): Name = "LatestRevisionNote"; Value = "Re-released for DXP Platform."; VariantName = "[No Variations]"
Add component (AddParameter): Name = "Publisher"; Value = "Altium Limited"; VariantName = "[No Variations]"
Added Component: Designator=R6(RES 0603)
Add component (AddParameter): Name = "LatestRevisionDate"; Value = "17-Jul-2002"; VariantName = "[No Variations]"
Add component (AddParameter): Name = "LatestRevisionNote"; Value = "Re-released for DXP Platform."; VariantName = "[No Variations]"
Add component (AddParameter): Name = "Published"; Value = "8-Jun-2000"; VariantName = "[No Variations]"
Add component (AddParameter): Name = "Publisher"; Value = "Altium Limited"; VariantName = "[No Variations]"
Added Component: Designator=R7(RES 0603)
Add component (AddParameter): Name = "LatestRevisionDate"; Value = "17-Jul-2002"; VariantName = "[No Variations]"
Add component (AddParameter): Name = "LatestRevisionNote"; Value = "Re-released for DXP Platform."; VariantName = "[No Variations]"
Add component (AddParameter): Name = "Published"; Value = "8-Jun-2000"; VariantName = "[No Variations]"
Add component (AddParameter): Name = "Publisher"; Value = "Altium Limited"; VariantName = "[No Variations]"
Added Component: Designator=R8(RES 0603)
Add component (AddParameter): Name = "LatestRevisionDate"; Value = "17-Jul-2002"; VariantName = "[No Variations]"
Add component (AddParameter): Name = "LatestRevisionNote"; Value = "Re-released for DXP Platform."; VariantName = "[No Variations]"
Add component (AddParameter): Name = "Published"; Value = "8-Jun-2000"; VariantName = "[No Variations]"
Add component (AddParameter): Name = "Publisher"; Value = "Altium Limited"; VariantName = "[No Variations]"
Added Component: Designator=R9(RES 0603)
Add component (AddParameter): Name = "LatestRevisionDate"; Value = "17-Jul-2002"; VariantName = "[No Variations]"
Add component (AddParameter): Name = "LatestRevisionNote"; Value = "Re-released for DXP Platform."; VariantName = "[No Variations]"
Add component (AddParameter): Name = "Published"; Value = "8-Jun-2000"; VariantName = "[No Variations]"
Add component (AddParameter): Name = "Publisher"; Value = "Altium Limited"; VariantName = "[No Variations]"
Added Component: Designator=U2(SOT223)
Added Component: Designator=U3(USB-micro_A)
Added Pin To Net: NetName=+5 Pin=R9-1
Added Net: Name=+5
Added Pin To Net: NetName=5V Pin=C4-2
Added Pin To Net: NetName=5V Pin=C5-2
Added Pin To Net: NetName=5V Pin=P3-3
Added Pin To Net: NetName=5V Pin=R6-2
Added Pin To Net: NetName=5V Pin=U2-3
Added Net: Name=5V
Added Net: Name=BOOT0
Added Net: Name=BOOT1
Added Pin To Net: NetName=GND Pin=C4-1
Added Pin To Net: NetName=GND Pin=C5-1
Added Pin To Net: NetName=GND Pin=C6-1
Added Pin To Net: NetName=GND Pin=C7-1
Added Pin To Net: NetName=GND Pin=P2-19
Added Pin To Net: NetName=GND Pin=P2-20
Added Pin To Net: NetName=GND Pin=P3-2
Added Pin To Net: NetName=GND Pin=U2-1
Added Pin To Net: NetName=GND Pin=D2-2
Added Net: Name=GND
Added Net: Name=NetD1_K
Added Pin To Net: NetName=NetD2_A Pin=R6-1
Added Pin To Net: NetName=NetD2_A Pin=D2-1
Added Net: Name=NetD2_A
Added Pin To Net: NetName=NetR7_1 Pin=R7-1
Added Net: Name=NetR7_1
Added Pin To Net: NetName=NetR8_1 Pin=R8-1
Added Net: Name=NetR8_1
Added Pin To Net: NetName=NRST Pin=P2-17
Added Net: Name=NRST
Added Net: Name=OSCIN
Added Net: Name=OSCOUT
Added Pin To Net: NetName=PA0 Pin=P2-5
Added Net: Name=PA0
Added Pin To Net: NetName=PA1 Pin=P2-6
Added Net: Name=PA1
Added Pin To Net: NetName=PA2 Pin=P2-7
Added Net: Name=PA2
Added Pin To Net: NetName=PA3 Pin=P2-8
Added Net: Name=PA3
Added Pin To Net: NetName=PA4 Pin=P2-9
Added Net: Name=PA4
Added Pin To Net: NetName=PA5 Pin=P2-10
Added Net: Name=PA5
Added Pin To Net: NetName=PA6 Pin=P2-11
Added Net: Name=PA6
Added Pin To Net: NetName=PA7 Pin=P2-12
Added Net: Name=PA7
Added Pin To Net: NetName=PA8 Pin=P3-16
Added Net: Name=PA8
Added Pin To Net: NetName=PA9 Pin=P3-15
Added Net: Name=PA9
Added Pin To Net: NetName=PA10 Pin=P3-14
Added Net: Name=PA10
Added Pin To Net: NetName=PA11 Pin=P3-13
Added Pin To Net: NetName=PA11 Pin=R7-2
Added Net: Name=PA11
Added Pin To Net: NetName=PA12 Pin=P3-12
Added Pin To Net: NetName=PA12 Pin=R8-2
Added Pin To Net: NetName=PA12 Pin=R9-2
Added Net: Name=PA12
Added Pin To Net: NetName=PA15 Pin=P3-11
Added Net: Name=PA15
Added Pin To Net: NetName=PB0 Pin=P2-13
Added Net: Name=PB0
Added Pin To Net: NetName=PB1 Pin=P2-14
Added Net: Name=PB1
Added Pin To Net: NetName=PB3 Pin=P3-10
Added Net: Name=PB3
Added Pin To Net: NetName=PB4 Pin=P3-9
Added Net: Name=PB4
Added Pin To Net: NetName=PB5 Pin=P3-8
Added Net: Name=PB5
Added Pin To Net: NetName=PB6 Pin=P3-7
Added Net: Name=PB6
Added Pin To Net: NetName=PB7 Pin=P3-6
Added Net: Name=PB7
Added Pin To Net: NetName=PB8 Pin=P3-5
Added Net: Name=PB8
Added Pin To Net: NetName=PB9 Pin=P3-4
Added Net: Name=PB9
Added Pin To Net: NetName=PB10 Pin=P2-15
Added Net: Name=PB10
Added Pin To Net: NetName=PB11 Pin=P2-16
Added Net: Name=PB11
Added Pin To Net: NetName=PB12 Pin=P3-20
Added Net: Name=PB12
Added Pin To Net: NetName=PB13 Pin=P3-19
Added Net: Name=PB13
Added Pin To Net: NetName=PB14 Pin=P3-18
Added Net: Name=PB14
Added Pin To Net: NetName=PB15 Pin=P3-17
Added Net: Name=PB15
Added Pin To Net: NetName=PC13 Pin=P2-2
Added Net: Name=PC13
Added Pin To Net: NetName=PC14 Pin=P2-3
Added Net: Name=PC14
Added Pin To Net: NetName=PC15 Pin=P2-4
Added Net: Name=PC15
Added Net: Name=SWCLK
Added Net: Name=SWDIO
Added Pin To Net: NetName=VBAT Pin=P2-1
Added Net: Name=VBAT
Added Pin To Net: NetName=VCC3V3 Pin=C6-2
Added Pin To Net: NetName=VCC3V3 Pin=C7-2
Added Pin To Net: NetName=VCC3V3 Pin=P2-18
Added Pin To Net: NetName=VCC3V3 Pin=P3-1
Added Pin To Net: NetName=VCC3V3 Pin=U2-2
Added Pin To Net: NetName=VCC3V3 Pin=U2-2
Added Net: Name=VCC3V3
Added Net: Name=VCC
Added Class: Name=Sheet1
Added Room: Name=Sheet1
