Added Component: Designator=C1(CAP 0603)
Add component (AddParameter): Name = "LatestRevisionDate"; Value = "17-Jul-2002"; VariantName = "[No Variations]"
Add component (AddParameter): Name = "LatestRevisionNote"; Value = "Re-released for DXP Platform."; VariantName = "[No Variations]"
Add component (AddParameter): Name = "Published"; Value = "8-Jun-2000"; VariantName = "[No Variations]"
Add component (AddParameter): Name = "Publisher"; Value = "Altium Limited"; VariantName = "[No Variations]"
Add component (AddParameter): Name = "Value"; Value = "104"; VariantName = "[No Variations]"
Added Component: Designator=C2(CAP 0603)
Add component (AddParameter): Name = "LatestRevisionDate"; Value = "17-Jul-2002"; VariantName = "[No Variations]"
Add component (AddParameter): Name = "LatestRevisionNote"; Value = "Re-released for DXP Platform."; VariantName = "[No Variations]"
Add component (AddParameter): Name = "Published"; Value = "8-Jun-2000"; VariantName = "[No Variations]"
Add component (AddParameter): Name = "Publisher"; Value = "Altium Limited"; VariantName = "[No Variations]"
Add component (AddParameter): Name = "Value"; Value = "104"; VariantName = "[No Variations]"
Added Component: Designator=C3(CAP 0603)
Add component (AddParameter): Name = "LatestRevisionDate"; Value = "17-Jul-2002"; VariantName = "[No Variations]"
Add component (AddParameter): Name = "LatestRevisionNote"; Value = "Re-released for DXP Platform."; VariantName = "[No Variations]"
Add component (AddParameter): Name = "Published"; Value = "8-Jun-2000"; VariantName = "[No Variations]"
Add component (AddParameter): Name = "Publisher"; Value = "Altium Limited"; VariantName = "[No Variations]"
Add component (AddParameter): Name = "Value"; Value = "104"; VariantName = "[No Variations]"
Added Component: Designator=C4(CAP 0603)
Add component (AddParameter): Name = "LatestRevisionDate"; Value = "17-Jul-2002"; VariantName = "[No Variations]"
Add component (AddParameter): Name = "LatestRevisionNote"; Value = "Re-released for DXP Platform."; VariantName = "[No Variations]"
Add component (AddParameter): Name = "Published"; Value = "8-Jun-2000"; VariantName = "[No Variations]"
Add component (AddParameter): Name = "Publisher"; Value = "Altium Limited"; VariantName = "[No Variations]"
Add component (AddParameter): Name = "Value"; Value = "104"; VariantName = "[No Variations]"
Added Component: Designator=C5(CAP 0603)
Add component (AddParameter): Name = "LatestRevisionDate"; Value = "17-Jul-2002"; VariantName = "[No Variations]"
Add component (AddParameter): Name = "LatestRevisionNote"; Value = "Re-released for DXP Platform."; VariantName = "[No Variations]"
Add component (AddParameter): Name = "Published"; Value = "8-Jun-2000"; VariantName = "[No Variations]"
Add component (AddParameter): Name = "Publisher"; Value = "Altium Limited"; VariantName = "[No Variations]"
Add component (AddParameter): Name = "Value"; Value = "104"; VariantName = "[No Variations]"
Added Component: Designator=C6(CAP 0603)
Add component (AddParameter): Name = "LatestRevisionDate"; Value = "17-Jul-2002"; VariantName = "[No Variations]"
Add component (AddParameter): Name = "LatestRevisionNote"; Value = "Re-released for DXP Platform."; VariantName = "[No Variations]"
Add component (AddParameter): Name = "Published"; Value = "8-Jun-2000"; VariantName = "[No Variations]"
Add component (AddParameter): Name = "Publisher"; Value = "Altium Limited"; VariantName = "[No Variations]"
Add component (AddParameter): Name = "Value"; Value = "104"; VariantName = "[No Variations]"
Added Component: Designator=C7(CAP 0603)
Add component (AddParameter): Name = "LatestRevisionDate"; Value = "17-Jul-2002"; VariantName = "[No Variations]"
Add component (AddParameter): Name = "LatestRevisionNote"; Value = "Re-released for DXP Platform."; VariantName = "[No Variations]"
Add component (AddParameter): Name = "Published"; Value = "8-Jun-2000"; VariantName = "[No Variations]"
Add component (AddParameter): Name = "Publisher"; Value = "Altium Limited"; VariantName = "[No Variations]"
Add component (AddParameter): Name = "Value"; Value = "104"; VariantName = "[No Variations]"
Added Component: Designator=D1(LED 5MM-R)
Added Component: Designator=D2(LED 5MM-R)
Added Component: Designator=P1(HDR2.54-LI-4P)
Add component (AddParameter): Name = "LatestRevisionDate"; Value = "17-Jul-2002"; VariantName = "[No Variations]"
Add component (AddParameter): Name = "LatestRevisionNote"; Value = "Re-released for DXP Platform."; VariantName = "[No Variations]"
Add component (AddParameter): Name = "Publisher"; Value = "Altium Limited"; VariantName = "[No Variations]"
Added Component: Designator=P2(HDR2.54-LI-20P)
Add component (AddParameter): Name = "LatestRevisionDate"; Value = "17-Jul-2002"; VariantName = "[No Variations]"
Add component (AddParameter): Name = "LatestRevisionNote"; Value = "Re-released for DXP Platform."; VariantName = "[No Variations]"
Add component (AddParameter): Name = "Publisher"; Value = "Altium Limited"; VariantName = "[No Variations]"
Added Component: Designator=P3(HDR2.54-LI-20P)
Add component (AddParameter): Name = "LatestRevisionDate"; Value = "17-Jul-2002"; VariantName = "[No Variations]"
Add component (AddParameter): Name = "LatestRevisionNote"; Value = "Re-released for DXP Platform."; VariantName = "[No Variations]"
Add component (AddParameter): Name = "Publisher"; Value = "Altium Limited"; VariantName = "[No Variations]"
Added Component: Designator=R1(RES 0603)
Add component (AddParameter): Name = "LatestRevisionDate"; Value = "17-Jul-2002"; VariantName = "[No Variations]"
Add component (AddParameter): Name = "LatestRevisionNote"; Value = "Re-released for DXP Platform."; VariantName = "[No Variations]"
Add component (AddParameter): Name = "Published"; Value = "8-Jun-2000"; VariantName = "[No Variations]"
Add component (AddParameter): Name = "Publisher"; Value = "Altium Limited"; VariantName = "[No Variations]"
Added Component: Designator=R2(RES 0603)
Add component (AddParameter): Name = "LatestRevisionDate"; Value = "17-Jul-2002"; VariantName = "[No Variations]"
Add component (AddParameter): Name = "LatestRevisionNote"; Value = "Re-released for DXP Platform."; VariantName = "[No Variations]"
Add component (AddParameter): Name = "Published"; Value = "8-Jun-2000"; VariantName = "[No Variations]"
Add component (AddParameter): Name = "Publisher"; Value = "Altium Limited"; VariantName = "[No Variations]"
Added Component: Designator=R3(RES 0603)
Add component (AddParameter): Name = "LatestRevisionDate"; Value = "17-Jul-2002"; VariantName = "[No Variations]"
Add component (AddParameter): Name = "LatestRevisionNote"; Value = "Re-released for DXP Platform."; VariantName = "[No Variations]"
Add component (AddParameter): Name = "Published"; Value = "8-Jun-2000"; VariantName = "[No Variations]"
Add component (AddParameter): Name = "Publisher"; Value = "Altium Limited"; VariantName = "[No Variations]"
Added Component: Designator=R4(RES 0603)
Add component (AddParameter): Name = "LatestRevisionDate"; Value = "17-Jul-2002"; VariantName = "[No Variations]"
Add component (AddParameter): Name = "LatestRevisionNote"; Value = "Re-released for DXP Platform."; VariantName = "[No Variations]"
Add component (AddParameter): Name = "Published"; Value = "8-Jun-2000"; VariantName = "[No Variations]"
Add component (AddParameter): Name = "Publisher"; Value = "Altium Limited"; VariantName = "[No Variations]"
Added Component: Designator=R5(RES 0603)
Add component (AddParameter): Name = "LatestRevisionDate"; Value = "17-Jul-2002"; VariantName = "[No Variations]"
Add component (AddParameter): Name = "LatestRevisionNote"; Value = "Re-released for DXP Platform."; VariantName = "[No Variations]"
Add component (AddParameter): Name = "Published"; Value = "8-Jun-2000"; VariantName = "[No Variations]"
Add component (AddParameter): Name = "Publisher"; Value = "Altium Limited"; VariantName = "[No Variations]"
Added Component: Designator=R6(RES 0603)
Add component (AddParameter): Name = "LatestRevisionDate"; Value = "17-Jul-2002"; VariantName = "[No Variations]"
Add component (AddParameter): Name = "LatestRevisionNote"; Value = "Re-released for DXP Platform."; VariantName = "[No Variations]"
Add component (AddParameter): Name = "Published"; Value = "8-Jun-2000"; VariantName = "[No Variations]"
Add component (AddParameter): Name = "Publisher"; Value = "Altium Limited"; VariantName = "[No Variations]"
Added Component: Designator=R7(RES 0603)
Add component (AddParameter): Name = "LatestRevisionDate"; Value = "17-Jul-2002"; VariantName = "[No Variations]"
Add component (AddParameter): Name = "LatestRevisionNote"; Value = "Re-released for DXP Platform."; VariantName = "[No Variations]"
Add component (AddParameter): Name = "Published"; Value = "8-Jun-2000"; VariantName = "[No Variations]"
Add component (AddParameter): Name = "Publisher"; Value = "Altium Limited"; VariantName = "[No Variations]"
Added Component: Designator=R8(RES 0603)
Add component (AddParameter): Name = "LatestRevisionDate"; Value = "17-Jul-2002"; VariantName = "[No Variations]"
Add component (AddParameter): Name = "LatestRevisionNote"; Value = "Re-released for DXP Platform."; VariantName = "[No Variations]"
Add component (AddParameter): Name = "Published"; Value = "8-Jun-2000"; VariantName = "[No Variations]"
Add component (AddParameter): Name = "Publisher"; Value = "Altium Limited"; VariantName = "[No Variations]"
Added Component: Designator=R9(RES 0603)
Add component (AddParameter): Name = "LatestRevisionDate"; Value = "17-Jul-2002"; VariantName = "[No Variations]"
Add component (AddParameter): Name = "LatestRevisionNote"; Value = "Re-released for DXP Platform."; VariantName = "[No Variations]"
Add component (AddParameter): Name = "Published"; Value = "8-Jun-2000"; VariantName = "[No Variations]"
Add component (AddParameter): Name = "Publisher"; Value = "Altium Limited"; VariantName = "[No Variations]"
Added Component: Designator=SW1(SWITCH)
Added Component: Designator=U1(USB-micro_A)
Added Component: Designator=U2(LQFP48 7X7_M)
Added Component: Designator=U3(SOT223)
Added Component: Designator=Y1(OSC HC-49S)
Add component (AddParameter): Name = "LatestRevisionDate"; Value = "17-Jul-2002"; VariantName = "[No Variations]"
Add component (AddParameter): Name = "LatestRevisionNote"; Value = "Re-released for DXP Platform."; VariantName = "[No Variations]"
Add component (AddParameter): Name = "Published"; Value = "8-Jun-2000"; VariantName = "[No Variations]"
Add component (AddParameter): Name = "Publisher"; Value = "Altium Limited"; VariantName = "[No Variations]"
Added Pin To Net: NetName=GND Pin=C1-1
Added Pin To Net: NetName=OSCIN Pin=C1-2
Added Pin To Net: NetName=GND Pin=C2-1
Added Pin To Net: NetName=NRST Pin=C2-2
Added Pin To Net: NetName=GND Pin=C3-1
Added Pin To Net: NetName=OSCOUT Pin=C3-2
Added Pin To Net: NetName=GND Pin=C4-1
Added Pin To Net: NetName=5V Pin=C4-2
Added Pin To Net: NetName=GND Pin=C5-1
Added Pin To Net: NetName=5V Pin=C5-2
Added Pin To Net: NetName=GND Pin=C6-1
Added Pin To Net: NetName=VCC3V3 Pin=C6-2
Added Pin To Net: NetName=GND Pin=C7-1
Added Pin To Net: NetName=VCC3V3 Pin=C7-2
Added Pin To Net: NetName=VCC3V3 Pin=D1-1
Added Pin To Net: NetName=NetD1_2 Pin=D1-2
Added Pin To Net: NetName=NetD2_1 Pin=D2-1
Added Pin To Net: NetName=GND Pin=D2-2
Added Pin To Net: NetName=VCC3V3 Pin=P1-1
Added Pin To Net: NetName=SWDIO Pin=P1-2
Added Pin To Net: NetName=SWCLK Pin=P1-3
Added Pin To Net: NetName=GND Pin=P1-4
Added Pin To Net: NetName=VBAT Pin=P2-1
Added Pin To Net: NetName=PC13 Pin=P2-2
Added Pin To Net: NetName=PC14 Pin=P2-3
Added Pin To Net: NetName=PC15 Pin=P2-4
Added Pin To Net: NetName=PA0 Pin=P2-5
Added Pin To Net: NetName=PA1 Pin=P2-6
Added Pin To Net: NetName=PA2 Pin=P2-7
Added Pin To Net: NetName=PA3 Pin=P2-8
Added Pin To Net: NetName=PA4 Pin=P2-9
Added Pin To Net: NetName=PA5 Pin=P2-10
Added Pin To Net: NetName=PA6 Pin=P2-11
Added Pin To Net: NetName=PA7 Pin=P2-12
Added Pin To Net: NetName=PB0 Pin=P2-13
Added Pin To Net: NetName=PB1 Pin=P2-14
Added Pin To Net: NetName=PB10 Pin=P2-15
Added Pin To Net: NetName=PB11 Pin=P2-16
Added Pin To Net: NetName=NRST Pin=P2-17
Added Pin To Net: NetName=VCC3V3 Pin=P2-18
Added Pin To Net: NetName=GND Pin=P2-19
Added Pin To Net: NetName=GND Pin=P2-20
Added Pin To Net: NetName=VCC3V3 Pin=P3-1
Added Pin To Net: NetName=GND Pin=P3-2
Added Pin To Net: NetName=5V Pin=P3-3
Added Pin To Net: NetName=PB9 Pin=P3-4
Added Pin To Net: NetName=PB8 Pin=P3-5
Added Pin To Net: NetName=PB7 Pin=P3-6
Added Pin To Net: NetName=PB6 Pin=P3-7
Added Pin To Net: NetName=PB5 Pin=P3-8
Added Pin To Net: NetName=PB4 Pin=P3-9
Added Pin To Net: NetName=PB3 Pin=P3-10
Added Pin To Net: NetName=PA15 Pin=P3-11
Added Pin To Net: NetName=PA12 Pin=P3-12
Added Pin To Net: NetName=PA11 Pin=P3-13
Added Pin To Net: NetName=PA10 Pin=P3-14
Added Pin To Net: NetName=PA9 Pin=P3-15
Added Pin To Net: NetName=PA8 Pin=P3-16
Added Pin To Net: NetName=PB15 Pin=P3-17
Added Pin To Net: NetName=PB14 Pin=P3-18
Added Pin To Net: NetName=PB13 Pin=P3-19
Added Pin To Net: NetName=PB12 Pin=P3-20
Added Pin To Net: NetName=GND Pin=R1-1
Added Pin To Net: NetName=BOOT0 Pin=R1-2
Added Pin To Net: NetName=NRST Pin=R2-1
Added Pin To Net: NetName=VCC3V3 Pin=R2-2
Added Pin To Net: NetName=GND Pin=R3-1
Added Pin To Net: NetName=BOOT1 Pin=R3-2
Added Pin To Net: NetName=NetD1_2 Pin=R4-1
Added Pin To Net: NetName=PC13 Pin=R4-2
Added Pin To Net: NetName=OSCOUT Pin=R5-1
Added Pin To Net: NetName=OSCIN Pin=R5-2
Added Pin To Net: NetName=NetR6_1 Pin=R6-1
Added Pin To Net: NetName=PA11 Pin=R6-2
Added Pin To Net: NetName=NetR7_1 Pin=R7-1
Added Pin To Net: NetName=PA12 Pin=R7-2
Added Pin To Net: NetName=+5 Pin=R8-1
Added Pin To Net: NetName=PA12 Pin=R8-2
Added Pin To Net: NetName=NetD2_1 Pin=R9-1
Added Pin To Net: NetName=5V Pin=R9-2
Added Pin To Net: NetName=GND Pin=SW1-1
Added Pin To Net: NetName=NRST Pin=SW1-2
Added Pin To Net: NetName=+5 Pin=U1-1
Added Pin To Net: NetName=NetR6_1 Pin=U1-2
Added Pin To Net: NetName=NetR7_1 Pin=U1-3
Added Pin To Net: NetName=GND Pin=U1-4
Added Pin To Net: NetName=GND Pin=U1-5
Added Pin To Net: NetName=GND Pin=U1-5
Added Pin To Net: NetName=GND Pin=U1-5
Added Pin To Net: NetName=GND Pin=U1-5
Added Pin To Net: NetName=GND Pin=U1-5
Added Pin To Net: NetName=GND Pin=U1-5
Added Pin To Net: NetName=GND Pin=U1-5
Added Pin To Net: NetName=VBAT Pin=U2-1
Added Pin To Net: NetName=PC13 Pin=U2-2
Added Pin To Net: NetName=PC14 Pin=U2-3
Added Pin To Net: NetName=PC15 Pin=U2-4
Added Pin To Net: NetName=OSCIN Pin=U2-5
Added Pin To Net: NetName=OSCOUT Pin=U2-6
Added Pin To Net: NetName=NRST Pin=U2-7
Added Pin To Net: NetName=GND Pin=U2-8
Added Pin To Net: NetName=VCC3V3 Pin=U2-9
Added Pin To Net: NetName=PA0 Pin=U2-10
Added Pin To Net: NetName=PA1 Pin=U2-11
Added Pin To Net: NetName=PA2 Pin=U2-12
Added Pin To Net: NetName=PA3 Pin=U2-13
Added Pin To Net: NetName=PA4 Pin=U2-14
Added Pin To Net: NetName=PA5 Pin=U2-15
Added Pin To Net: NetName=PA6 Pin=U2-16
Added Pin To Net: NetName=PA7 Pin=U2-17
Added Pin To Net: NetName=PB0 Pin=U2-18
Added Pin To Net: NetName=PB1 Pin=U2-19
Added Pin To Net: NetName=BOOT1 Pin=U2-20
Added Pin To Net: NetName=PB10 Pin=U2-21
Added Pin To Net: NetName=PB11 Pin=U2-22
Added Pin To Net: NetName=GND Pin=U2-23
Added Pin To Net: NetName=VCC3V3 Pin=U2-24
Added Pin To Net: NetName=PB12 Pin=U2-25
Added Pin To Net: NetName=PB13 Pin=U2-26
Added Pin To Net: NetName=PB14 Pin=U2-27
Added Pin To Net: NetName=PB15 Pin=U2-28
Added Pin To Net: NetName=PA8 Pin=U2-29
Added Pin To Net: NetName=PA9 Pin=U2-30
Added Pin To Net: NetName=PA10 Pin=U2-31
Added Pin To Net: NetName=PA11 Pin=U2-32
Added Pin To Net: NetName=PA12 Pin=U2-33
Added Pin To Net: NetName=SWDIO Pin=U2-34
Added Pin To Net: NetName=GND Pin=U2-35
Added Pin To Net: NetName=VCC3V3 Pin=U2-36
Added Pin To Net: NetName=SWCLK Pin=U2-37
Added Pin To Net: NetName=PA15 Pin=U2-38
Added Pin To Net: NetName=PB3 Pin=U2-39
Added Pin To Net: NetName=PB4 Pin=U2-40
Added Pin To Net: NetName=PB5 Pin=U2-41
Added Pin To Net: NetName=PB6 Pin=U2-42
Added Pin To Net: NetName=PB7 Pin=U2-43
Added Pin To Net: NetName=BOOT0 Pin=U2-44
Added Pin To Net: NetName=PB8 Pin=U2-45
Added Pin To Net: NetName=PB9 Pin=U2-46
Added Pin To Net: NetName=GND Pin=U2-47
Added Pin To Net: NetName=VCC3V3 Pin=U2-48
Added Pin To Net: NetName=GND Pin=U3-1
Added Pin To Net: NetName=VCC3V3 Pin=U3-2
Added Pin To Net: NetName=VCC3V3 Pin=U3-2
Added Pin To Net: NetName=5V Pin=U3-3
Added Pin To Net: NetName=OSCOUT Pin=Y1-1
Added Pin To Net: NetName=OSCIN Pin=Y1-2
Added Member To Class: ClassName=Sheet1 Member=Component C1 105,0603
Added Member To Class: ClassName=Sheet1 Member=Component C2 105,0603
Added Member To Class: ClassName=Sheet1 Member=Component C3 105,0603
Added Member To Class: ClassName=Sheet1 Member=Component C4 105,0603
Added Member To Class: ClassName=Sheet1 Member=Component C5 105,0603
Added Member To Class: ClassName=Sheet1 Member=Component C6 105,0603
Added Member To Class: ClassName=Sheet1 Member=Component C7 105,0603
Added Member To Class: ClassName=Sheet1 Member=Component D1 LED
Added Member To Class: ClassName=Sheet1 Member=Component D2 LED
Added Member To Class: ClassName=Sheet1 Member=Component P1 SWD
Added Member To Class: ClassName=Sheet1 Member=Component P2 Header 20
Added Member To Class: ClassName=Sheet1 Member=Component P3 Header 20
Added Member To Class: ClassName=Sheet1 Member=Component R1 10K,0603
Added Member To Class: ClassName=Sheet1 Member=Component R2 10K,0603
Added Member To Class: ClassName=Sheet1 Member=Component R3 10K,0603
Added Member To Class: ClassName=Sheet1 Member=Component R4 10K,0603
Added Member To Class: ClassName=Sheet1 Member=Component R5 10K,0603
Added Member To Class: ClassName=Sheet1 Member=Component R6 10K,0603
Added Member To Class: ClassName=Sheet1 Member=Component R7 10K,0603
Added Member To Class: ClassName=Sheet1 Member=Component R8 10K,0603
Added Member To Class: ClassName=Sheet1 Member=Component R9 10K,0603
Added Member To Class: ClassName=Sheet1 Member=Component SW1 SWITCH
Added Member To Class: ClassName=Sheet1 Member=Component U1 USB-mrico
Added Member To Class: ClassName=Sheet1 Member=Component U2 STM32F103C8T6
Added Member To Class: ClassName=Sheet1 Member=Component U3 AMS1117-3.3
Added Member To Class: ClassName=Sheet1 Member=Component Y1 8M
Added Room: Name=Sheet1
