Removed Pin From Net: NetName=PC13 Pin=P2-2
Removed Pin From Net: NetName=PA0 Pin=P2-5
Removed Pin From Net: NetName=PA1 Pin=P2-6
Removed Pin From Net: NetName=PA2 Pin=P2-7
Removed Pin From Net: NetName=PA3 Pin=P2-8
Removed Pin From Net: NetName=PA4 Pin=P2-9
Removed Pin From Net: NetName=PA5 Pin=P2-10
Removed Pin From Net: NetName=PA6 Pin=P2-11
Removed Pin From Net: NetName=PA7 Pin=P2-12
Removed Pin From Net: NetName=PB0 Pin=P2-13
Removed Pin From Net: NetName=PB1 Pin=P2-14
Removed Pin From Net: NetName=PB10 Pin=P2-15
Removed Pin From Net: NetName=PB11 Pin=P2-16
Removed Pin From Net: NetName=NRST Pin=P2-17
Removed Pin From Net: NetName=VCC3V3 Pin=P2-18
Removed Pin From Net: NetName=GND Pin=P2-20
Removed Pin From Net: NetName=PA12 Pin=P3-12
Removed Pin From Net: NetName=PA11 Pin=P3-13
Added Pin To Net: NetName=5V Pin=P2-2
Added Pin To Net: NetName=GND Pin=P2-5
Added Pin To Net: NetName=VCC3V3 Pin=P2-6
Added Pin To Net: NetName=PA0 Pin=P2-7
Added Pin To Net: NetName=PA1 Pin=P2-8
Added Pin To Net: NetName=PA2 Pin=P2-9
Added Pin To Net: NetName=PA3 Pin=P2-10
Added Pin To Net: NetName=PA4 Pin=P2-11
Added Pin To Net: NetName=PA5 Pin=P2-12
Added Pin To Net: NetName=PA6 Pin=P2-13
Added Pin To Net: NetName=PA7 Pin=P2-14
Added Pin To Net: NetName=PB0 Pin=P2-15
Added Pin To Net: NetName=PB1 Pin=P2-16
Added Pin To Net: NetName=PB10 Pin=P2-17
Added Pin To Net: NetName=PB11 Pin=P2-18
Added Pin To Net: NetName=VCC3V3 Pin=P2-20
Added Pin To Net: NetName=VCC3V3 Pin=P3-12
Added Pin To Net: NetName=GND Pin=P3-13
Added Room: Name=Sheet1
