Removed Pin From Net: NetName=PB8 Pin=P2-3
Removed Pin From Net: NetName=PB8 Pin=P2-4
Removed Pin From Net: NetName=PB8 Pin=P3-4
Removed Pin From Net: NetName=PB8 Pin=SW2-1
Removed Pin From Net: NetName=PB8 Pin=SW4-1
Removed Pin From Net: NetName=PB8 Pin=SW5-1
Removed Pin From Net: NetName=PB8 Pin=U2-3
Removed Pin From Net: NetName=PB8 Pin=U2-4
Removed Pin From Net: NetName=PB8 Pin=U2-46
Added Component: Designator=R13(RES 0603)
Add component (AddParameter): Name = "LatestRevisionDate"; Value = "17-Jul-2002"; VariantName = "[No Variations]"
Add component (AddParameter): Name = "LatestRevisionNote"; Value = "Re-released for DXP Platform."; VariantName = "[No Variations]"
Add component (AddParameter): Name = "Published"; Value = "8-Jun-2000"; VariantName = "[No Variations]"
Add component (AddParameter): Name = "Publisher"; Value = "Altium Limited"; VariantName = "[No Variations]"
Added Component: Designator=R14(RES 0603)
Add component (AddParameter): Name = "LatestRevisionDate"; Value = "17-Jul-2002"; VariantName = "[No Variations]"
Add component (AddParameter): Name = "LatestRevisionNote"; Value = "Re-released for DXP Platform."; VariantName = "[No Variations]"
Add component (AddParameter): Name = "Published"; Value = "8-Jun-2000"; VariantName = "[No Variations]"
Add component (AddParameter): Name = "Publisher"; Value = "Altium Limited"; VariantName = "[No Variations]"
Added Component: Designator=R15(RES 0603)
Add component (AddParameter): Name = "LatestRevisionDate"; Value = "17-Jul-2002"; VariantName = "[No Variations]"
Add component (AddParameter): Name = "LatestRevisionNote"; Value = "Re-released for DXP Platform."; VariantName = "[No Variations]"
Add component (AddParameter): Name = "Published"; Value = "8-Jun-2000"; VariantName = "[No Variations]"
Add component (AddParameter): Name = "Publisher"; Value = "Altium Limited"; VariantName = "[No Variations]"
Added Component: Designator=R16(RES 0603)
Add component (AddParameter): Name = "LatestRevisionDate"; Value = "17-Jul-2002"; VariantName = "[No Variations]"
Add component (AddParameter): Name = "LatestRevisionNote"; Value = "Re-released for DXP Platform."; VariantName = "[No Variations]"
Add component (AddParameter): Name = "Published"; Value = "8-Jun-2000"; VariantName = "[No Variations]"
Add component (AddParameter): Name = "Publisher"; Value = "Altium Limited"; VariantName = "[No Variations]"
Added Pin To Net: NetName=VCC3V3 Pin=R13-2
Added Pin To Net: NetName=PB8 Pin=R14-1
Added Pin To Net: NetName=VCC3V3 Pin=R14-2
Added Pin To Net: NetName=VCC3V3 Pin=R15-2
Added Pin To Net: NetName=VCC3V3 Pin=R16-2
Added Pin To Net: NetName=PB9 Pin=P3-4
Added Pin To Net: NetName=PB9 Pin=R15-1
Added Pin To Net: NetName=PB9 Pin=SW4-1
Added Pin To Net: NetName=PB9 Pin=U2-46
Added Net: Name=PB9
Added Pin To Net: NetName=PC14 Pin=P2-3
Added Pin To Net: NetName=PC14 Pin=R13-1
Added Pin To Net: NetName=PC14 Pin=SW2-1
Added Pin To Net: NetName=PC14 Pin=U2-3
Added Net: Name=PC14
Added Pin To Net: NetName=PC15 Pin=P2-4
Added Pin To Net: NetName=PC15 Pin=R16-1
Added Pin To Net: NetName=PC15 Pin=SW5-1
Added Pin To Net: NetName=PC15 Pin=U2-4
Added Net: Name=PC15
Added Member To Class: ClassName=Sheet1 Member=Component R13 10K,0603
Added Member To Class: ClassName=Sheet1 Member=Component R14 10K,0603
Added Member To Class: ClassName=Sheet1 Member=Component R15 10K,0603
Added Member To Class: ClassName=Sheet1 Member=Component R16 10K,0603
